app/mapping.txt
com.shopin.tinkerdemo.MainActivity -> com.shopin.tinkerdemo.MainActivity:
    void <init>() -> <init>
    void onCreate(android.os.Bundle) -> onCreate
    void loadPatch(android.view.View) -> loadPatch
com.shopin.tinkerdemo.SimpleTinkerInApplication -> com.shopin.tinkerdemo.SimpleTinkerInApplication:
    void <init>() -> <init>
com.shopin.tinkerdemo.SimpleTinkerInApplicationLike -> com.shopin.tinkerdemo.SimpleTinkerInApplicationLike:
    void <init>(android.app.Application,int,boolean,long,long,android.content.Intent) -> <init>
    void onBaseContextAttached(android.content.Context) -> onBaseContextAttached
    void onCreate() -> onCreate
...
android.support.graphics.drawable.AnimatedVectorDrawableCompat$AnimatedVectorDrawableCompatState -> android.support.a.a.b$a:
    int mChangingConfigurations -> a
    android.support.graphics.drawable.VectorDrawableCompat mVectorDrawable -> b
    java.util.ArrayList mAnimators -> c
    android.support.v4.util.ArrayMap mTargetNameMap -> d
    void <init>(android.content.Context,android.support.graphics.drawable.AnimatedVectorDrawableCompat$AnimatedVectorDrawableCompatState,android.graphics.drawable.Drawable$Callback,android.content.res.Resources) -> <init>
    android.graphics.drawable.Drawable newDrawable() -> newDrawable
    android.graphics.drawable.Drawable newDrawable(android.content.res.Resources) -> newDrawable
    int getChangingConfigurations() -> getChangingConfigurations
android.support.graphics.drawable.AnimatedVectorDrawableCompat$AnimatedVectorDrawableDelegateState -> android.support.a.a.b$b:
    android.graphics.drawable.Drawable$ConstantState mDelegateState -> a
    void <init>(android.graphics.drawable.Drawable$ConstantState) -> <init>
    android.graphics.drawable.Drawable newDrawable() -> newDrawable
    android.graphics.drawable.Drawable newDrawable(android.content.res.Resources) -> newDrawable
    android.graphics.drawable.Drawable newDrawable(android.content.res.Resources,android.content.res.Resources$Theme) -> newDrawable
    boolean canApplyTheme() -> canApplyTheme
    int getChangingConfigurations() -> getChangingConfigurations
android.support.graphics.drawable.PathParser -> android.support.a.a.c:
    float[] copyOfRange(float[],int,int) -> a
    android.support.graphics.drawable.PathParser$PathDataNode[] createNodesFromPathData(java.lang.String) -> a
    android.support.graphics.drawable.PathParser$PathDataNode[] deepCopyNodes(android.support.graphics.drawable.PathParser$PathDataNode[]) -> a
    boolean canMorph(android.support.graphics.drawable.PathParser$PathDataNode[],android.support.graphics.drawable.PathParser$PathDataNode[]) -> a
    void updateNodes(android.support.graphics.drawable.PathParser$PathDataNode[],android.support.graphics.drawable.PathParser$PathDataNode[]) -> b
    int nextStart(java.lang.String,int) -> a
    void addNode(java.util.ArrayList,char,float[]) -> a
    float[] getFloats(java.lang.String) -> b
    void extract(java.lang.String,int,android.support.graphics.drawable.PathParser$ExtractFloatResult) -> a
android.support.graphics.drawable.PathParser$ExtractFloatResult -> android.support.a.a.c$a:
    int mEndPosition -> a
    boolean mEndWithNegOrDot -> b
    void <init>() -> <init>
android.support.graphics.drawable.PathParser$PathDataNode -> android.support.a.a.c$b:
    char type -> a
    float[] params -> b
    void <init>(char,float[]) -> <init>
    void <init>(android.support.graphics.drawable.PathParser$PathDataNode) -> <init>
    void nodesToPath(android.support.graphics.drawable.PathParser$PathDataNode[],android.graphics.Path) -> a
    void addCommand(android.graphics.Path,float[],char,char,float[]) -> a
    void drawArc(android.graphics.Path,float,float,float,float,float,float,float,boolean,boolean) -> a
    void arcToBezier(android.graphics.Path,double,double,double,double,double,double,double,double,double) -> a
android.support.graphics.drawable.TypedArrayUtils -> android.support.a.a.d:
    boolean hasAttribute(org.xmlpull.v1.XmlPullParser,java.lang.String) -> a
    float getNamedFloat(android.content.res.TypedArray,org.xmlpull.v1.XmlPullParser,java.lang.String,int,float) -> a
    boolean getNamedBoolean(android.content.res.TypedArray,org.xmlpull.v1.XmlPullParser,java.lang.String,int,boolean) -> a
    int getNamedInt(android.content.res.TypedArray,org.xmlpull.v1.XmlPullParser,java.lang.String,int,int) -> a
    int getNamedColor(android.content.res.TypedArray,org.xmlpull.v1.XmlPullParser,java.lang.String,int,int) -> b